INFO [2023-03-28 07:13:45] $x
INFO [2023-03-28 07:13:45] list(fpkmSMC$ENSEMBL, fpkmEC$ENSEMBL)
INFO [2023-03-28 07:13:45] 
INFO [2023-03-28 07:13:45] $category.names
INFO [2023-03-28 07:13:45] c("SMCs", "ECs")
INFO [2023-03-28 07:13:45] 
INFO [2023-03-28 07:13:45] $filename
INFO [2023-03-28 07:13:45] [1] "#14_venn_diagramm.png"
INFO [2023-03-28 07:13:45] 
INFO [2023-03-28 07:13:45] $output
INFO [2023-03-28 07:13:45] [1] TRUE
INFO [2023-03-28 07:13:45] 
INFO [2023-03-28 07:13:45] $imagetype
INFO [2023-03-28 07:13:45] [1] "png"
INFO [2023-03-28 07:13:45] 
INFO [2023-03-28 07:13:45] $height
INFO [2023-03-28 07:13:45] [1] 480
INFO [2023-03-28 07:13:45] 
INFO [2023-03-28 07:13:45] $width
INFO [2023-03-28 07:13:45] [1] 480
INFO [2023-03-28 07:13:45] 
INFO [2023-03-28 07:13:45] $resolution
INFO [2023-03-28 07:13:45] [1] 300
INFO [2023-03-28 07:13:45] 
INFO [2023-03-28 07:13:45] $compression
INFO [2023-03-28 07:13:45] [1] "lzw"
INFO [2023-03-28 07:13:45] 
INFO [2023-03-28 07:13:45] $lwd
INFO [2023-03-28 07:13:45] [1] 2
INFO [2023-03-28 07:13:45] 
INFO [2023-03-28 07:13:45] $lty
INFO [2023-03-28 07:13:45] [1] "blank"
INFO [2023-03-28 07:13:45] 
INFO [2023-03-28 07:13:45] $fill
INFO [2023-03-28 07:13:45] c("#CBD5E8", "#FDCDAC")
INFO [2023-03-28 07:13:45] 
INFO [2023-03-28 07:13:45] $cat.cex
INFO [2023-03-28 07:13:45] [1] 0.4
INFO [2023-03-28 07:13:45] 
INFO [2023-03-28 07:13:45] $cat.fontface
INFO [2023-03-28 07:13:45] [1] "bold"
INFO [2023-03-28 07:13:45] 
INFO [2023-03-28 07:13:45] $cat.default.pos
INFO [2023-03-28 07:13:45] [1] "outer"
INFO [2023-03-28 07:13:45] 
INFO [2023-03-28 07:13:45] $cat.pos
INFO [2023-03-28 07:13:45] c(-27, 27)
INFO [2023-03-28 07:13:45] 
INFO [2023-03-28 07:13:45] $cat.dist
INFO [2023-03-28 07:13:45] c(0.055, 0.055)
INFO [2023-03-28 07:13:45] 
INFO [2023-03-28 07:13:45] $cat.fontfamily
INFO [2023-03-28 07:13:45] [1] "sans"
INFO [2023-03-28 07:13:45] 
