INFO [2023-03-14 17:04:31] $x
INFO [2023-03-14 17:04:31] list(fpkmSMC$ENSEMBL, fpkmEC$ENSEMBL)
INFO [2023-03-14 17:04:31] 
INFO [2023-03-14 17:04:31] $category.names
INFO [2023-03-14 17:04:31] c("SMCs", "ECs")
INFO [2023-03-14 17:04:31] 
INFO [2023-03-14 17:04:31] $filename
INFO [2023-03-14 17:04:31] [1] "#14_venn_diagramm.png"
INFO [2023-03-14 17:04:31] 
INFO [2023-03-14 17:04:31] $output
INFO [2023-03-14 17:04:31] [1] TRUE
INFO [2023-03-14 17:04:31] 
INFO [2023-03-14 17:04:31] $imagetype
INFO [2023-03-14 17:04:31] [1] "png"
INFO [2023-03-14 17:04:31] 
INFO [2023-03-14 17:04:31] $height
INFO [2023-03-14 17:04:31] [1] 480
INFO [2023-03-14 17:04:31] 
INFO [2023-03-14 17:04:31] $width
INFO [2023-03-14 17:04:31] [1] 480
INFO [2023-03-14 17:04:31] 
INFO [2023-03-14 17:04:31] $resolution
INFO [2023-03-14 17:04:31] [1] 300
INFO [2023-03-14 17:04:31] 
INFO [2023-03-14 17:04:31] $compression
INFO [2023-03-14 17:04:31] [1] "lzw"
INFO [2023-03-14 17:04:31] 
INFO [2023-03-14 17:04:31] $lwd
INFO [2023-03-14 17:04:31] [1] 2
INFO [2023-03-14 17:04:31] 
INFO [2023-03-14 17:04:31] $lty
INFO [2023-03-14 17:04:31] [1] "blank"
INFO [2023-03-14 17:04:31] 
INFO [2023-03-14 17:04:31] $fill
INFO [2023-03-14 17:04:31] c("#CBD5E8", "#FDCDAC")
INFO [2023-03-14 17:04:31] 
INFO [2023-03-14 17:04:31] $cat.cex
INFO [2023-03-14 17:04:31] [1] 0.4
INFO [2023-03-14 17:04:31] 
INFO [2023-03-14 17:04:31] $cat.fontface
INFO [2023-03-14 17:04:31] [1] "bold"
INFO [2023-03-14 17:04:31] 
INFO [2023-03-14 17:04:31] $cat.default.pos
INFO [2023-03-14 17:04:31] [1] "outer"
INFO [2023-03-14 17:04:31] 
INFO [2023-03-14 17:04:31] $cat.pos
INFO [2023-03-14 17:04:31] c(-27, 27)
INFO [2023-03-14 17:04:31] 
INFO [2023-03-14 17:04:31] $cat.dist
INFO [2023-03-14 17:04:31] c(0.055, 0.055)
INFO [2023-03-14 17:04:31] 
INFO [2023-03-14 17:04:31] $cat.fontfamily
INFO [2023-03-14 17:04:31] [1] "sans"
INFO [2023-03-14 17:04:31] 
